<?xml version="1.0" encoding="UTF-8"?>
<!-- Generated by org.testng.reporters.JUnitXMLReporter -->
<testsuite ignored="0" hostname="Slashers" failures="0" tests="3" name="Default test" time="17.942" errors="0" timestamp="2023-01-09T09:40:25 IST">
  <testcase classname="WebPageTest.LoginPageTest" name="testBlankPassword" time="3.216"/>
  <testcase classname="WebPageTest.LoginPageTest" name="testBlankUsername" time="3.192"/>
  <testcase classname="WebPageTest.LoginPageTest" name="testSuccessfulLogin" time="4.127"/>
</testsuite> <!-- Default test -->
