<?xml version="1.0" encoding="UTF-8"?>
<!-- Generated by org.testng.reporters.JUnitXMLReporter -->
<testsuite ignored="0" hostname="Slashers" failures="0" tests="4" name="Test" time="25.049" errors="0" timestamp="2023-01-09T09:42:26 IST">
  <testcase classname="WebPageTest.LoginPageTest" name="testBlankPassword" time="3.199"/>
  <testcase classname="WebPageTest.LoginPageTest" name="testBlankUsername" time="3.191"/>
  <testcase classname="WebPageTest.LoginPageTest" name="testSuccessfulLogin" time="3.809"/>
  <testcase classname="WebPageTest.HomePageTest" name="testSortTable" time="3.107"/>
</testsuite> <!-- Test -->
