<?xml version="1.0" encoding="UTF-8"?>
<testng-results ignored="0" total="4" passed="4" failed="0" skipped="0">
  <reporter-output>
  </reporter-output>
  <suite started-at="2023-01-09T09:42:01 IST" name="Suite" finished-at="2023-01-09T09:42:26 IST" duration-ms="25049">
    <groups>
    </groups>
    <test started-at="2023-01-09T09:42:01 IST" name="Test" finished-at="2023-01-09T09:42:26 IST" duration-ms="25049">
      <class name="WebPageTest.LoginPageTest">
        <test-method is-config="true" signature="setup()[pri:0, instance:WebPageTest.LoginPageTest@3972a855]" started-at="2023-01-09T09:42:01 IST" name="setup" finished-at="2023-01-09T09:42:04 IST" duration-ms="3023" status="PASS">
          <reporter-output>
          </reporter-output>
        </test-method> <!-- setup -->
        <test-method signature="testBlankPassword()[pri:0, instance:WebPageTest.LoginPageTest@3972a855]" started-at="2023-01-09T09:42:04 IST" name="testBlankPassword" finished-at="2023-01-09T09:42:07 IST" duration-ms="3199" status="PASS">
          <reporter-output>
          </reporter-output>
        </test-method> <!-- testBlankPassword -->
        <test-method is-config="true" signature="teardown()[pri:0, instance:WebPageTest.LoginPageTest@3972a855]" started-at="2023-01-09T09:42:07 IST" name="teardown" finished-at="2023-01-09T09:42:07 IST" duration-ms="144" status="PASS">
          <reporter-output>
          </reporter-output>
        </test-method> <!-- teardown -->
        <test-method is-config="true" signature="setup()[pri:0, instance:WebPageTest.LoginPageTest@3972a855]" started-at="2023-01-09T09:42:07 IST" name="setup" finished-at="2023-01-09T09:42:09 IST" duration-ms="1555" status="PASS">
          <reporter-output>
          </reporter-output>
        </test-method> <!-- setup -->
        <test-method signature="testBlankUsername()[pri:0, instance:WebPageTest.LoginPageTest@3972a855]" started-at="2023-01-09T09:42:09 IST" name="testBlankUsername" finished-at="2023-01-09T09:42:12 IST" duration-ms="3191" status="PASS">
          <reporter-output>
          </reporter-output>
        </test-method> <!-- testBlankUsername -->
        <test-method is-config="true" signature="teardown()[pri:0, instance:WebPageTest.LoginPageTest@3972a855]" started-at="2023-01-09T09:42:12 IST" name="teardown" finished-at="2023-01-09T09:42:12 IST" duration-ms="181" status="PASS">
          <reporter-output>
          </reporter-output>
        </test-method> <!-- teardown -->
        <test-method is-config="true" signature="setup()[pri:0, instance:WebPageTest.LoginPageTest@3972a855]" started-at="2023-01-09T09:42:12 IST" name="setup" finished-at="2023-01-09T09:42:14 IST" duration-ms="1503" status="PASS">
          <reporter-output>
          </reporter-output>
        </test-method> <!-- setup -->
        <test-method signature="testSuccessfulLogin()[pri:0, instance:WebPageTest.LoginPageTest@3972a855]" started-at="2023-01-09T09:42:14 IST" name="testSuccessfulLogin" finished-at="2023-01-09T09:42:18 IST" duration-ms="3809" status="PASS">
          <reporter-output>
          </reporter-output>
        </test-method> <!-- testSuccessfulLogin -->
        <test-method is-config="true" signature="teardown()[pri:0, instance:WebPageTest.LoginPageTest@3972a855]" started-at="2023-01-09T09:42:18 IST" name="teardown" finished-at="2023-01-09T09:42:18 IST" duration-ms="177" status="PASS">
          <reporter-output>
          </reporter-output>
        </test-method> <!-- teardown -->
      </class> <!-- WebPageTest.LoginPageTest -->
      <class name="WebPageTest.HomePageTest">
        <test-method is-config="true" signature="setup()[pri:0, instance:WebPageTest.HomePageTest@1cbb87f3]" started-at="2023-01-09T09:42:18 IST" name="setup" finished-at="2023-01-09T09:42:23 IST" duration-ms="4993" status="PASS">
          <reporter-output>
          </reporter-output>
        </test-method> <!-- setup -->
        <test-method signature="testSortTable()[pri:0, instance:WebPageTest.HomePageTest@1cbb87f3]" started-at="2023-01-09T09:42:23 IST" name="testSortTable" finished-at="2023-01-09T09:42:26 IST" duration-ms="3107" status="PASS">
          <reporter-output>
          </reporter-output>
        </test-method> <!-- testSortTable -->
        <test-method is-config="true" signature="teardown()[pri:0, instance:WebPageTest.HomePageTest@1cbb87f3]" started-at="2023-01-09T09:42:26 IST" name="teardown" finished-at="2023-01-09T09:42:26 IST" duration-ms="117" status="PASS">
          <reporter-output>
          </reporter-output>
        </test-method> <!-- teardown -->
      </class> <!-- WebPageTest.HomePageTest -->
    </test> <!-- Test -->
  </suite> <!-- Suite -->
</testng-results>
